Performing C++ SOURCE FILE Test CMAKE_HAVE_LIBC_PTHREAD failed with the following output:
Change Dir: /home/hgh/projects/webrtc_encoding/libdatachannel/build/CMakeFiles/CMakeTmp

Run Build Command(s):/usr/bin/make cmTC_86135/fast && /usr/bin/make -f CMakeFiles/cmTC_86135.dir/build.make CMakeFiles/cmTC_86135.dir/build
make[1]: Entering directory '/home/hgh/projects/webrtc_encoding/libdatachannel/build/CMakeFiles/CMakeTmp'
Building CXX object CMakeFiles/cmTC_86135.dir/src.cxx.o
/usr/bin/c++    -DCMAKE_HAVE_LIBC_PTHREAD -fPIE   -o CMakeFiles/cmTC_86135.dir/src.cxx.o -c /home/hgh/projects/webrtc_encoding/libdatachannel/build/CMakeFiles/CMakeTmp/src.cxx
Linking CXX executable cmTC_86135
/usr/bin/cmake -E cmake_link_script CMakeFiles/cmTC_86135.dir/link.txt --verbose=1
/usr/bin/c++   -DCMAKE_HAVE_LIBC_PTHREAD    CMakeFiles/cmTC_86135.dir/src.cxx.o  -o cmTC_86135 
/usr/bin/ld: CMakeFiles/cmTC_86135.dir/src.cxx.o: in function `main':
src.cxx:(.text+0x46): undefined reference to `pthread_create'
/usr/bin/ld: src.cxx:(.text+0x52): undefined reference to `pthread_detach'
/usr/bin/ld: src.cxx:(.text+0x63): undefined reference to `pthread_join'
collect2: error: ld returned 1 exit status
make[1]: *** [CMakeFiles/cmTC_86135.dir/build.make:87: cmTC_86135] Error 1
make[1]: Leaving directory '/home/hgh/projects/webrtc_encoding/libdatachannel/build/CMakeFiles/CMakeTmp'
make: *** [Makefile:121: cmTC_86135/fast] Error 2


Source file was:
#include <pthread.h>

void* test_func(void* data)
{
  return data;
}

int main(void)
{
  pthread_t thread;
  pthread_create(&thread, NULL, test_func, NULL);
  pthread_detach(thread);
  pthread_join(thread, NULL);
  pthread_atfork(NULL, NULL, NULL);
  pthread_exit(NULL);

  return 0;
}

Performing C SOURCE FILE Test have_sa_len failed with the following output:
Change Dir: /home/hgh/projects/webrtc_encoding/libdatachannel/build/CMakeFiles/CMakeTmp

Run Build Command(s):/usr/bin/make cmTC_7924e/fast && /usr/bin/make -f CMakeFiles/cmTC_7924e.dir/build.make CMakeFiles/cmTC_7924e.dir/build
make[1]: Entering directory '/home/hgh/projects/webrtc_encoding/libdatachannel/build/CMakeFiles/CMakeTmp'
Building C object CMakeFiles/cmTC_7924e.dir/src.c.o
/usr/bin/cc  -I/home/hgh/projects/webrtc_encoding/libdatachannel/deps/usrsctp/usrsctplib  -Dhave_sa_len -fPIE   -o CMakeFiles/cmTC_7924e.dir/src.c.o   -c /home/hgh/projects/webrtc_encoding/libdatachannel/build/CMakeFiles/CMakeTmp/src.c
/home/hgh/projects/webrtc_encoding/libdatachannel/build/CMakeFiles/CMakeTmp/src.c: In function ‘main’:
/home/hgh/projects/webrtc_encoding/libdatachannel/build/CMakeFiles/CMakeTmp/src.c:7:38: error: ‘struct sockaddr’ has no member named ‘sa_len’
    7 |   (void)sizeof(((struct sockaddr *)0)->sa_len);
      |                                      ^~
make[1]: *** [CMakeFiles/cmTC_7924e.dir/build.make:66: CMakeFiles/cmTC_7924e.dir/src.c.o] Error 1
make[1]: Leaving directory '/home/hgh/projects/webrtc_encoding/libdatachannel/build/CMakeFiles/CMakeTmp'
make: *** [Makefile:121: cmTC_7924e/fast] Error 2


Source file was:

#include <sys/types.h>
#include <sys/socket.h>

int main()
{
  (void)sizeof(((struct sockaddr *)0)->sa_len);
  return 0;
}

Performing C SOURCE FILE Test have_sin_len failed with the following output:
Change Dir: /home/hgh/projects/webrtc_encoding/libdatachannel/build/CMakeFiles/CMakeTmp

Run Build Command(s):/usr/bin/make cmTC_853a1/fast && /usr/bin/make -f CMakeFiles/cmTC_853a1.dir/build.make CMakeFiles/cmTC_853a1.dir/build
make[1]: Entering directory '/home/hgh/projects/webrtc_encoding/libdatachannel/build/CMakeFiles/CMakeTmp'
Building C object CMakeFiles/cmTC_853a1.dir/src.c.o
/usr/bin/cc  -I/home/hgh/projects/webrtc_encoding/libdatachannel/deps/usrsctp/usrsctplib  -Dhave_sin_len -fPIE   -o CMakeFiles/cmTC_853a1.dir/src.c.o   -c /home/hgh/projects/webrtc_encoding/libdatachannel/build/CMakeFiles/CMakeTmp/src.c
/home/hgh/projects/webrtc_encoding/libdatachannel/build/CMakeFiles/CMakeTmp/src.c: In function ‘main’:
/home/hgh/projects/webrtc_encoding/libdatachannel/build/CMakeFiles/CMakeTmp/src.c:7:41: error: ‘struct sockaddr_in’ has no member named ‘sin_len’
    7 |   (void)sizeof(((struct sockaddr_in *)0)->sin_len);
      |                                         ^~
make[1]: *** [CMakeFiles/cmTC_853a1.dir/build.make:66: CMakeFiles/cmTC_853a1.dir/src.c.o] Error 1
make[1]: Leaving directory '/home/hgh/projects/webrtc_encoding/libdatachannel/build/CMakeFiles/CMakeTmp'
make: *** [Makefile:121: cmTC_853a1/fast] Error 2


Source file was:

#include <sys/types.h>
#include <netinet/in.h>

int main()
{
  (void)sizeof(((struct sockaddr_in *)0)->sin_len);
  return 0;
}

Performing C SOURCE FILE Test have_sin6_len failed with the following output:
Change Dir: /home/hgh/projects/webrtc_encoding/libdatachannel/build/CMakeFiles/CMakeTmp

Run Build Command(s):/usr/bin/make cmTC_ca325/fast && /usr/bin/make -f CMakeFiles/cmTC_ca325.dir/build.make CMakeFiles/cmTC_ca325.dir/build
make[1]: Entering directory '/home/hgh/projects/webrtc_encoding/libdatachannel/build/CMakeFiles/CMakeTmp'
Building C object CMakeFiles/cmTC_ca325.dir/src.c.o
/usr/bin/cc  -I/home/hgh/projects/webrtc_encoding/libdatachannel/deps/usrsctp/usrsctplib  -Dhave_sin6_len -fPIE   -o CMakeFiles/cmTC_ca325.dir/src.c.o   -c /home/hgh/projects/webrtc_encoding/libdatachannel/build/CMakeFiles/CMakeTmp/src.c
/home/hgh/projects/webrtc_encoding/libdatachannel/build/CMakeFiles/CMakeTmp/src.c: In function ‘main’:
/home/hgh/projects/webrtc_encoding/libdatachannel/build/CMakeFiles/CMakeTmp/src.c:7:42: error: ‘struct sockaddr_in6’ has no member named ‘sin6_len’
    7 |   (void)sizeof(((struct sockaddr_in6 *)0)->sin6_len);
      |                                          ^~
make[1]: *** [CMakeFiles/cmTC_ca325.dir/build.make:66: CMakeFiles/cmTC_ca325.dir/src.c.o] Error 1
make[1]: Leaving directory '/home/hgh/projects/webrtc_encoding/libdatachannel/build/CMakeFiles/CMakeTmp'
make: *** [Makefile:121: cmTC_ca325/fast] Error 2


Source file was:

#include <sys/types.h>
#include <netinet/in.h>

int main()
{
  (void)sizeof(((struct sockaddr_in6 *)0)->sin6_len);
  return 0;
}

Performing C SOURCE FILE Test have_sconn_len failed with the following output:
Change Dir: /home/hgh/projects/webrtc_encoding/libdatachannel/build/CMakeFiles/CMakeTmp

Run Build Command(s):/usr/bin/make cmTC_9036a/fast && /usr/bin/make -f CMakeFiles/cmTC_9036a.dir/build.make CMakeFiles/cmTC_9036a.dir/build
make[1]: Entering directory '/home/hgh/projects/webrtc_encoding/libdatachannel/build/CMakeFiles/CMakeTmp'
Building C object CMakeFiles/cmTC_9036a.dir/src.c.o
/usr/bin/cc  -I/home/hgh/projects/webrtc_encoding/libdatachannel/deps/usrsctp/usrsctplib  -Dhave_sconn_len -fPIE   -o CMakeFiles/cmTC_9036a.dir/src.c.o   -c /home/hgh/projects/webrtc_encoding/libdatachannel/build/CMakeFiles/CMakeTmp/src.c
/home/hgh/projects/webrtc_encoding/libdatachannel/build/CMakeFiles/CMakeTmp/src.c: In function ‘main’:
/home/hgh/projects/webrtc_encoding/libdatachannel/build/CMakeFiles/CMakeTmp/src.c:6:43: error: ‘struct sockaddr_conn’ has no member named ‘sconn_len’
    6 |   (void)sizeof(((struct sockaddr_conn *)0)->sconn_len);
      |                                           ^~
make[1]: *** [CMakeFiles/cmTC_9036a.dir/build.make:66: CMakeFiles/cmTC_9036a.dir/src.c.o] Error 1
make[1]: Leaving directory '/home/hgh/projects/webrtc_encoding/libdatachannel/build/CMakeFiles/CMakeTmp'
make: *** [Makefile:121: cmTC_9036a/fast] Error 2


Source file was:

#include <usrsctp.h>

int main()
{
  (void)sizeof(((struct sockaddr_conn *)0)->sconn_len);
  return 0;
}

Determining if the include file machine/types.h exists failed with the following output:
Change Dir: /home/hgh/projects/webrtc_encoding/libdatachannel/build/CMakeFiles/CMakeTmp

Run Build Command(s):/usr/bin/make cmTC_5aa14/fast && /usr/bin/make -f CMakeFiles/cmTC_5aa14.dir/build.make CMakeFiles/cmTC_5aa14.dir/build
make[1]: Entering directory '/home/hgh/projects/webrtc_encoding/libdatachannel/build/CMakeFiles/CMakeTmp'
Building C object CMakeFiles/cmTC_5aa14.dir/CheckIncludeFile.c.o
/usr/bin/cc   -fPIE   -o CMakeFiles/cmTC_5aa14.dir/CheckIncludeFile.c.o   -c /home/hgh/projects/webrtc_encoding/libdatachannel/build/CMakeFiles/CMakeTmp/CheckIncludeFile.c
/home/hgh/projects/webrtc_encoding/libdatachannel/build/CMakeFiles/CMakeTmp/CheckIncludeFile.c:1:10: fatal error: machine/types.h: No such file or directory
    1 | #include <machine/types.h>
      |          ^~~~~~~~~~~~~~~~~
compilation terminated.
make[1]: *** [CMakeFiles/cmTC_5aa14.dir/build.make:66: CMakeFiles/cmTC_5aa14.dir/CheckIncludeFile.c.o] Error 1
make[1]: Leaving directory '/home/hgh/projects/webrtc_encoding/libdatachannel/build/CMakeFiles/CMakeTmp'
make: *** [Makefile:121: cmTC_5aa14/fast] Error 2



Determining if the include file sys/int_types.h exists failed with the following output:
Change Dir: /home/hgh/projects/webrtc_encoding/libdatachannel/build/CMakeFiles/CMakeTmp

Run Build Command(s):/usr/bin/make cmTC_72b0c/fast && /usr/bin/make -f CMakeFiles/cmTC_72b0c.dir/build.make CMakeFiles/cmTC_72b0c.dir/build
make[1]: Entering directory '/home/hgh/projects/webrtc_encoding/libdatachannel/build/CMakeFiles/CMakeTmp'
Building C object CMakeFiles/cmTC_72b0c.dir/CheckIncludeFile.c.o
/usr/bin/cc   -fPIE   -o CMakeFiles/cmTC_72b0c.dir/CheckIncludeFile.c.o   -c /home/hgh/projects/webrtc_encoding/libdatachannel/build/CMakeFiles/CMakeTmp/CheckIncludeFile.c
/home/hgh/projects/webrtc_encoding/libdatachannel/build/CMakeFiles/CMakeTmp/CheckIncludeFile.c:1:10: fatal error: sys/int_types.h: No such file or directory
    1 | #include <sys/int_types.h>
      |          ^~~~~~~~~~~~~~~~~
compilation terminated.
make[1]: *** [CMakeFiles/cmTC_72b0c.dir/build.make:66: CMakeFiles/cmTC_72b0c.dir/CheckIncludeFile.c.o] Error 1
make[1]: Leaving directory '/home/hgh/projects/webrtc_encoding/libdatachannel/build/CMakeFiles/CMakeTmp'
make: *** [Makefile:121: cmTC_72b0c/fast] Error 2



Determining if the include file windows.h exists failed with the following output:
Change Dir: /home/hgh/projects/webrtc_encoding/libdatachannel/build/CMakeFiles/CMakeTmp

Run Build Command(s):/usr/bin/make cmTC_1a2bf/fast && /usr/bin/make -f CMakeFiles/cmTC_1a2bf.dir/build.make CMakeFiles/cmTC_1a2bf.dir/build
make[1]: Entering directory '/home/hgh/projects/webrtc_encoding/libdatachannel/build/CMakeFiles/CMakeTmp'
Building C object CMakeFiles/cmTC_1a2bf.dir/CheckIncludeFile.c.o
/usr/bin/cc   -fPIE   -o CMakeFiles/cmTC_1a2bf.dir/CheckIncludeFile.c.o   -c /home/hgh/projects/webrtc_encoding/libdatachannel/build/CMakeFiles/CMakeTmp/CheckIncludeFile.c
/home/hgh/projects/webrtc_encoding/libdatachannel/build/CMakeFiles/CMakeTmp/CheckIncludeFile.c:1:10: fatal error: windows.h: No such file or directory
    1 | #include <windows.h>
      |          ^~~~~~~~~~~
compilation terminated.
make[1]: *** [CMakeFiles/cmTC_1a2bf.dir/build.make:66: CMakeFiles/cmTC_1a2bf.dir/CheckIncludeFile.c.o] Error 1
make[1]: Leaving directory '/home/hgh/projects/webrtc_encoding/libdatachannel/build/CMakeFiles/CMakeTmp'
make: *** [Makefile:121: cmTC_1a2bf/fast] Error 2



Determining if the include file winsock2.h exists failed with the following output:
Change Dir: /home/hgh/projects/webrtc_encoding/libdatachannel/build/CMakeFiles/CMakeTmp

Run Build Command(s):/usr/bin/make cmTC_943a8/fast && /usr/bin/make -f CMakeFiles/cmTC_943a8.dir/build.make CMakeFiles/cmTC_943a8.dir/build
make[1]: Entering directory '/home/hgh/projects/webrtc_encoding/libdatachannel/build/CMakeFiles/CMakeTmp'
Building C object CMakeFiles/cmTC_943a8.dir/CheckIncludeFile.c.o
/usr/bin/cc   -fPIE   -o CMakeFiles/cmTC_943a8.dir/CheckIncludeFile.c.o   -c /home/hgh/projects/webrtc_encoding/libdatachannel/build/CMakeFiles/CMakeTmp/CheckIncludeFile.c
/home/hgh/projects/webrtc_encoding/libdatachannel/build/CMakeFiles/CMakeTmp/CheckIncludeFile.c:1:10: fatal error: winsock2.h: No such file or directory
    1 | #include <winsock2.h>
      |          ^~~~~~~~~~~~
compilation terminated.
make[1]: *** [CMakeFiles/cmTC_943a8.dir/build.make:66: CMakeFiles/cmTC_943a8.dir/CheckIncludeFile.c.o] Error 1
make[1]: Leaving directory '/home/hgh/projects/webrtc_encoding/libdatachannel/build/CMakeFiles/CMakeTmp'
make: *** [Makefile:121: cmTC_943a8/fast] Error 2



